<?xml version="1.0" encoding="UTF-8"?>
<testng-results ignored="0" total="1" passed="1" failed="0" skipped="0">
  <reporter-output>
  </reporter-output>
  <suite started-at="2021-09-22T12:55:52 IST" name="SampleSuite" finished-at="2021-09-22T12:55:53 IST" duration-ms="727">
    <groups>
    </groups>
    <test started-at="2021-09-22T12:55:52 IST" name="LoginTest" finished-at="2021-09-22T12:55:53 IST" duration-ms="727">
      <class name="tests.Login">
        <test-method is-config="true" signature="launchBrowser()[pri:0, instance:tests.Login@2a54a73f]" started-at="2021-09-22T12:55:46 IST" name="launchBrowser" finished-at="2021-09-22T12:55:52 IST" duration-ms="6521" status="PASS">
          <reporter-output>
          </reporter-output>
        </test-method> <!-- launchBrowser -->
        <test-method signature="loginTestCases()[pri:0, instance:tests.Login@2a54a73f]" started-at="2021-09-22T12:55:52 IST" name="loginTestCases" finished-at="2021-09-22T12:55:53 IST" duration-ms="702" status="PASS">
          <reporter-output>
          </reporter-output>
        </test-method> <!-- loginTestCases -->
        <test-method is-config="true" signature="closeBrowser()[pri:0, instance:tests.Login@2a54a73f]" started-at="2021-09-22T12:55:53 IST" name="closeBrowser" finished-at="2021-09-22T12:55:53 IST" duration-ms="0" status="PASS">
          <reporter-output>
          </reporter-output>
        </test-method> <!-- closeBrowser -->
      </class> <!-- tests.Login -->
    </test> <!-- LoginTest -->
  </suite> <!-- SampleSuite -->
</testng-results>
